Fri Feb  2 12:09:03 2024       
+-----------------------------------------------------------------------------+
| NVIDIA-SMI 525.105.17   Driver Version: 525.105.17   CUDA Version: 12.0     |
|-------------------------------+----------------------+----------------------+
| GPU  Name        Persistence-M| Bus-Id        Disp.A | Volatile Uncorr. ECC |
| Fan  Temp  Perf  Pwr:Usage/Cap|         Memory-Usage | GPU-Util  Compute M. |
|                               |                      |               MIG M. |
|===============================+======================+======================|
|   0  Tesla V100-PCIE...  On   | 00000000:86:00.0 Off |                  Off |
| N/A   50C    P0    26W / 250W |      0MiB / 32768MiB |      0%      Default |
|                               |                      |                  N/A |
+-------------------------------+----------------------+----------------------+
|   1  Tesla V100-PCIE...  On   | 00000000:D8:00.0 Off |                  Off |
| N/A   41C    P0    65W / 250W |   6332MiB / 32768MiB |     99%      Default |
|                               |                      |                  N/A |
+-------------------------------+----------------------+----------------------+
                                                                               
+-----------------------------------------------------------------------------+
| Processes:                                                                  |
|  GPU   GI   CI        PID   Type   Process name                  GPU Memory |
|        ID   ID                                                   Usage      |
|=============================================================================|
|    1   N/A  N/A   1598660      C   ...aiofkyupgds4p/bin/gmx_mpi      316MiB |
|    1   N/A  N/A   1598661      C   ...aiofkyupgds4p/bin/gmx_mpi      318MiB |
|    1   N/A  N/A   1598662      C   ...aiofkyupgds4p/bin/gmx_mpi      316MiB |
|    1   N/A  N/A   1598663      C   ...aiofkyupgds4p/bin/gmx_mpi      318MiB |
|    1   N/A  N/A   1598664      C   ...aiofkyupgds4p/bin/gmx_mpi      316MiB |
|    1   N/A  N/A   1598665      C   ...aiofkyupgds4p/bin/gmx_mpi      316MiB |
|    1   N/A  N/A   1598666      C   ...aiofkyupgds4p/bin/gmx_mpi      316MiB |
|    1   N/A  N/A   1598667      C   ...aiofkyupgds4p/bin/gmx_mpi      316MiB |
|    1   N/A  N/A   1598668      C   ...aiofkyupgds4p/bin/gmx_mpi      316MiB |
|    1   N/A  N/A   1598669      C   ...aiofkyupgds4p/bin/gmx_mpi      316MiB |
|    1   N/A  N/A   1598670      C   ...aiofkyupgds4p/bin/gmx_mpi      316MiB |
|    1   N/A  N/A   1598671      C   ...aiofkyupgds4p/bin/gmx_mpi      316MiB |
|    1   N/A  N/A   1598672      C   ...aiofkyupgds4p/bin/gmx_mpi      316MiB |
|    1   N/A  N/A   1598673      C   ...aiofkyupgds4p/bin/gmx_mpi      316MiB |
|    1   N/A  N/A   1598674      C   ...aiofkyupgds4p/bin/gmx_mpi      316MiB |
|    1   N/A  N/A   1598675      C   ...aiofkyupgds4p/bin/gmx_mpi      316MiB |
|    1   N/A  N/A   1598676      C   ...aiofkyupgds4p/bin/gmx_mpi      316MiB |
|    1   N/A  N/A   1598677      C   ...aiofkyupgds4p/bin/gmx_mpi      316MiB |
|    1   N/A  N/A   1598678      C   ...aiofkyupgds4p/bin/gmx_mpi      316MiB |
|    1   N/A  N/A   1598679      C   ...aiofkyupgds4p/bin/gmx_mpi      316MiB |
+-----------------------------------------------------------------------------+
Fri Feb  2 12:09:03 2024       
+-----------------------------------------------------------------------------+
| NVIDIA-SMI 525.105.17   Driver Version: 525.105.17   CUDA Version: 12.0     |
|-------------------------------+----------------------+----------------------+
| GPU  Name        Persistence-M| Bus-Id        Disp.A | Volatile Uncorr. ECC |
| Fan  Temp  Perf  Pwr:Usage/Cap|         Memory-Usage | GPU-Util  Compute M. |
|                               |                      |               MIG M. |
|===============================+======================+======================|
|   0  Tesla V100-PCIE...  On   | 00000000:86:00.0 Off |                  Off |
| N/A   50C    P0    25W / 250W |      0MiB / 32768MiB |      0%      Default |
|                               |                      |                  N/A |
+-------------------------------+----------------------+----------------------+
|   1  Tesla V100-PCIE...  On   | 00000000:D8:00.0 Off |                  Off |
| N/A   41C    P0    64W / 250W |   6332MiB / 32768MiB |     99%      Default |
|                               |                      |                  N/A |
+-------------------------------+----------------------+----------------------+
                                                                               
+-----------------------------------------------------------------------------+
| Processes:                                                                  |
|  GPU   GI   CI        PID   Type   Process name                  GPU Memory |
|        ID   ID                                                   Usage      |
|=============================================================================|
|    1   N/A  N/A   1598660      C   ...aiofkyupgds4p/bin/gmx_mpi      316MiB |
|    1   N/A  N/A   1598661      C   ...aiofkyupgds4p/bin/gmx_mpi      318MiB |
|    1   N/A  N/A   1598662      C   ...aiofkyupgds4p/bin/gmx_mpi      316MiB |
|    1   N/A  N/A   1598663      C   ...aiofkyupgds4p/bin/gmx_mpi      318MiB |
|    1   N/A  N/A   1598664      C   ...aiofkyupgds4p/bin/gmx_mpi      316MiB |
|    1   N/A  N/A   1598665      C   ...aiofkyupgds4p/bin/gmx_mpi      316MiB |
|    1   N/A  N/A   1598666      C   ...aiofkyupgds4p/bin/gmx_mpi      316MiB |
|    1   N/A  N/A   1598667      C   ...aiofkyupgds4p/bin/gmx_mpi      316MiB |
|    1   N/A  N/A   1598668      C   ...aiofkyupgds4p/bin/gmx_mpi      316MiB |
|    1   N/A  N/A   1598669      C   ...aiofkyupgds4p/bin/gmx_mpi      316MiB |
|    1   N/A  N/A   1598670      C   ...aiofkyupgds4p/bin/gmx_mpi      316MiB |
|    1   N/A  N/A   1598671      C   ...aiofkyupgds4p/bin/gmx_mpi      316MiB |
|    1   N/A  N/A   1598672      C   ...aiofkyupgds4p/bin/gmx_mpi      316MiB |
|    1   N/A  N/A   1598673      C   ...aiofkyupgds4p/bin/gmx_mpi      316MiB |
|    1   N/A  N/A   1598674      C   ...aiofkyupgds4p/bin/gmx_mpi      316MiB |
|    1   N/A  N/A   1598675      C   ...aiofkyupgds4p/bin/gmx_mpi      316MiB |
|    1   N/A  N/A   1598676      C   ...aiofkyupgds4p/bin/gmx_mpi      316MiB |
|    1   N/A  N/A   1598677      C   ...aiofkyupgds4p/bin/gmx_mpi      316MiB |
|    1   N/A  N/A   1598678      C   ...aiofkyupgds4p/bin/gmx_mpi      316MiB |
|    1   N/A  N/A   1598679      C   ...aiofkyupgds4p/bin/gmx_mpi      316MiB |
+-----------------------------------------------------------------------------+
